Running Renovate for all supported languages...
Node version: v20.18.0
NPM version: 10.8.2
Renovate version: 38.131.2

Config file contents:
module.exports = {
  platform: 'local',
  onboarding: false,
  requireConfig: 'optional',
  dryRun: 'full',
};

Directory contents:
/tmp/renovate:
LICENSE
README.md
Taskfile.yml
cache
dependency_update_results.json
node_modules
package-lock.json
package.json
parsed_output.json
pom.xml
renovate.json
renovate_output.log
screenshots
src
target

/tmp/renovate/cache:
containerbase

/tmp/renovate/cache/containerbase:

/tmp/renovate/node_modules:
@isaacs
@npmcli
@pkgjs
abbrev
agent-base
aggregate-error
ansi-regex
ansi-styles
balanced-match
brace-expansion
cacache
chownr
clean-stack
color-convert
color-name
cross-spawn
debug
eastasianwidth
emoji-regex
encoding
env-paths
err-code
exponential-backoff
foreground-child
fs-minipass
glob
graceful-fs
http-cache-semantics
http-proxy-agent
https-proxy-agent
iconv-lite
imurmurhash
indent-string
install-artifact-from-github
ip-address
is-fullwidth-code-point
is-lambda
isexe
jackspeak
jsbn
lru-cache
make-fetch-happen
minimatch
minipass
minipass-collect
minipass-fetch
minipass-flush
minipass-pipeline
minipass-sized
minizlib
mkdirp
ms
nan
negotiator
node-gyp
nopt
p-map
package-json-from-dist
path-key
path-scurry
proc-log
promise-retry
re2
retry
safer-buffer
semver
shebang-command
shebang-regex
signal-exit
smart-buffer
socks
socks-proxy-agent
sprintf-js
ssri
string-width
string-width-cjs
strip-ansi
strip-ansi-cjs
tar
unique-filename
unique-slug
which
wrap-ansi
wrap-ansi-cjs
yallist

/tmp/renovate/node_modules/@isaacs:
cliui

/tmp/renovate/node_modules/@isaacs/cliui:
LICENSE.txt
README.md
build
index.mjs
package.json

/tmp/renovate/node_modules/@isaacs/cliui/build:
index.cjs
index.d.cts
lib

/tmp/renovate/node_modules/@isaacs/cliui/build/lib:
index.js

/tmp/renovate/node_modules/@npmcli:
agent
fs

/tmp/renovate/node_modules/@npmcli/agent:
README.md
lib
package.json

/tmp/renovate/node_modules/@npmcli/agent/lib:
agents.js
dns.js
errors.js
index.js
options.js
proxy.js

/tmp/renovate/node_modules/@npmcli/fs:
LICENSE.md
README.md
lib
package.json

/tmp/renovate/node_modules/@npmcli/fs/lib:
common
cp
index.js
move-file.js
readdir-scoped.js
with-temp-dir.js

/tmp/renovate/node_modules/@npmcli/fs/lib/common:
get-options.js
node.js

/tmp/renovate/node_modules/@npmcli/fs/lib/cp:
LICENSE
errors.js
index.js
polyfill.js

/tmp/renovate/node_modules/@pkgjs:
parseargs

/tmp/renovate/node_modules/@pkgjs/parseargs:
CHANGELOG.md
LICENSE
README.md
examples
index.js
internal
package.json
utils.js

/tmp/renovate/node_modules/@pkgjs/parseargs/examples:
is-default-value.js
limit-long-syntax.js
negate.js
no-repeated-options.js
ordered-options.mjs
simple-hard-coded.js

/tmp/renovate/node_modules/@pkgjs/parseargs/internal:
errors.js
primordials.js
util.js
validators.js

/tmp/renovate/node_modules/abbrev:
LICENSE
README.md
lib
package.json

/tmp/renovate/node_modules/abbrev/lib:
index.js

/tmp/renovate/node_modules/agent-base:
LICENSE
README.md
dist
package.json

/tmp/renovate/node_modules/agent-base/dist:
helpers.d.ts
helpers.d.ts.map
helpers.js
helpers.js.map
index.d.ts
index.d.ts.map
index.js
index.js.map

/tmp/renovate/node_modules/aggregate-error:
index.d.ts
index.js
license
package.json
readme.md

/tmp/renovate/node_modules/ansi-regex:
index.d.ts
index.js
license
package.json
readme.md

/tmp/renovate/node_modules/ansi-styles:
index.d.ts
index.js
license
package.json
readme.md

/tmp/renovate/node_modules/balanced-match:
LICENSE.md
README.md
index.js
package.json

/tmp/renovate/node_modules/brace-expansion:
LICENSE
README.md
index.js
package.json

/tmp/renovate/node_modules/cacache:
LICENSE.md
README.md
lib
package.json

/tmp/renovate/node_modules/cacache/lib:
content
entry-index.js
get.js
index.js
memoization.js
put.js
rm.js
util
verify.js

/tmp/renovate/node_modules/cacache/lib/content:
path.js
read.js
rm.js
write.js

/tmp/renovate/node_modules/cacache/lib/util:
glob.js
hash-to-segments.js
tmp.js

/tmp/renovate/node_modules/chownr:
LICENSE
README.md
chownr.js
package.json

/tmp/renovate/node_modules/clean-stack:
index.d.ts
index.js
license
package.json
readme.md

/tmp/renovate/node_modules/color-convert:
CHANGELOG.md
LICENSE
README.md
conversions.js
index.js
package.json
route.js

/tmp/renovate/node_modules/color-name:
LICENSE
README.md
index.js
package.json

/tmp/renovate/node_modules/cross-spawn:
CHANGELOG.md
LICENSE
README.md
index.js
lib
node_modules
package.json

/tmp/renovate/node_modules/cross-spawn/lib:
enoent.js
parse.js
util

/tmp/renovate/node_modules/cross-spawn/lib/util:
escape.js
readShebang.js
resolveCommand.js

/tmp/renovate/node_modules/cross-spawn/node_modules:
isexe
which

/tmp/renovate/node_modules/cross-spawn/node_modules/isexe:
LICENSE
README.md
index.js
mode.js
package.json
test
windows.js

/tmp/renovate/node_modules/cross-spawn/node_modules/isexe/test:
basic.js

/tmp/renovate/node_modules/cross-spawn/node_modules/which:
CHANGELOG.md
LICENSE
README.md
bin
package.json
which.js

/tmp/renovate/node_modules/cross-spawn/node_modules/which/bin:
node-which

/tmp/renovate/node_modules/debug:
LICENSE
README.md
package.json
src

/tmp/renovate/node_modules/debug/src:
browser.js
common.js
index.js
node.js

/tmp/renovate/node_modules/eastasianwidth:
README.md
eastasianwidth.js
package.json

/tmp/renovate/node_modules/emoji-regex:
LICENSE-MIT.txt
README.md
RGI_Emoji.d.ts
RGI_Emoji.js
es2015
index.d.ts
index.js
package.json
text.d.ts
text.js

/tmp/renovate/node_modules/emoji-regex/es2015:
RGI_Emoji.d.ts
RGI_Emoji.js
index.d.ts
index.js
text.d.ts
text.js

/tmp/renovate/node_modules/encoding:
LICENSE
README.md
lib
package.json
test

/tmp/renovate/node_modules/encoding/lib:
encoding.js

/tmp/renovate/node_modules/encoding/test:
test.js

/tmp/renovate/node_modules/env-paths:
index.d.ts
index.js
license
package.json
readme.md

/tmp/renovate/node_modules/err-code:
README.md
bower.json
index.js
index.umd.js
package.json
test

/tmp/renovate/node_modules/err-code/test:
test.js

/tmp/renovate/node_modules/exponential-backoff:
LICENSE
README.md
dist
package.json

/tmp/renovate/node_modules/exponential-backoff/dist:
backoff.d.ts
backoff.js
backoff.js.map
delay
jitter
options.d.ts
options.js
options.js.map

/tmp/renovate/node_modules/exponential-backoff/dist/delay:
always
delay.base.d.ts
delay.base.js
delay.base.js.map
delay.factory.d.ts
delay.factory.js
delay.factory.js.map
delay.interface.d.ts
delay.interface.js
delay.interface.js.map
skip-first

/tmp/renovate/node_modules/exponential-backoff/dist/delay/always:
always.delay.d.ts
always.delay.js
always.delay.js.map

/tmp/renovate/node_modules/exponential-backoff/dist/delay/skip-first:
skip-first.delay.d.ts
skip-first.delay.js
skip-first.delay.js.map

/tmp/renovate/node_modules/exponential-backoff/dist/jitter:
full
jitter.factory.d.ts
jitter.factory.js
jitter.factory.js.map
no

/tmp/renovate/node_modules/exponential-backoff/dist/jitter/full:
full.jitter.d.ts
full.jitter.js
full.jitter.js.map

/tmp/renovate/node_modules/exponential-backoff/dist/jitter/no:
no.jitter.d.ts
no.jitter.js
no.jitter.js.map

/tmp/renovate/node_modules/foreground-child:
LICENSE
README.md
dist
package.json

/tmp/renovate/node_modules/foreground-child/dist:
commonjs
esm

/tmp/renovate/node_modules/foreground-child/dist/commonjs:
all-signals.d.ts
all-signals.d.ts.map
all-signals.js
all-signals.js.map
index.d.ts
index.d.ts.map
index.js
index.js.map
package.json
proxy-signals.d.ts
proxy-signals.d.ts.map
proxy-signals.js
proxy-signals.js.map
watchdog.d.ts
watchdog.d.ts.map
watchdog.js
watchdog.js.map

/tmp/renovate/node_modules/foreground-child/dist/esm:
all-signals.d.ts
all-signals.d.ts.map
all-signals.js
all-signals.js.map
index.d.ts
index.d.ts.map
index.js
index.js.map
package.json
proxy-signals.d.ts
proxy-signals.d.ts.map
proxy-signals.js
proxy-signals.js.map
watchdog.d.ts
watchdog.d.ts.map
watchdog.js
watchdog.js.map

/tmp/renovate/node_modules/fs-minipass:
LICENSE
README.md
lib
package.json

/tmp/renovate/node_modules/fs-minipass/lib:
index.js

/tmp/renovate/node_modules/glob:
LICENSE
README.md
dist
package.json

/tmp/renovate/node_modules/glob/dist:
commonjs
esm

/tmp/renovate/node_modules/glob/dist/commonjs:
glob.d.ts
glob.d.ts.map
glob.js
glob.js.map
has-magic.d.ts
has-magic.d.ts.map
has-magic.js
has-magic.js.map
ignore.d.ts
ignore.d.ts.map
ignore.js
ignore.js.map
index.d.ts
index.d.ts.map
index.js
index.js.map
package.json
pattern.d.ts
pattern.d.ts.map
pattern.js
pattern.js.map
processor.d.ts
processor.d.ts.map
processor.js
processor.js.map
walker.d.ts
walker.d.ts.map
walker.js
walker.js.map

/tmp/renovate/node_modules/glob/dist/esm:
bin.d.mts
bin.d.mts.map
bin.mjs
bin.mjs.map
glob.d.ts
glob.d.ts.map
glob.js
glob.js.map
has-magic.d.ts
has-magic.d.ts.map
has-magic.js
has-magic.js.map
ignore.d.ts
ignore.d.ts.map
ignore.js
ignore.js.map
index.d.ts
index.d.ts.map
index.js
index.js.map
package.json
pattern.d.ts
pattern.d.ts.map
pattern.js
pattern.js.map
processor.d.ts
processor.d.ts.map
processor.js
processor.js.map
walker.d.ts
walker.d.ts.map
walker.js
walker.js.map

/tmp/renovate/node_modules/graceful-fs:
LICENSE
README.md
clone.js
graceful-fs.js
legacy-streams.js
package.json
polyfills.js

/tmp/renovate/node_modules/http-cache-semantics:
LICENSE
README.md
index.js
package.json

/tmp/renovate/node_modules/http-proxy-agent:
LICENSE
README.md
dist
package.json

/tmp/renovate/node_modules/http-proxy-agent/dist:
index.d.ts
index.d.ts.map
index.js
index.js.map

/tmp/renovate/node_modules/https-proxy-agent:
LICENSE
README.md
dist
package.json

/tmp/renovate/node_modules/https-proxy-agent/dist:
index.d.ts
index.d.ts.map
index.js
index.js.map
parse-proxy-response.d.ts
parse-proxy-response.d.ts.map
parse-proxy-response.js
parse-proxy-response.js.map

/tmp/renovate/node_modules/iconv-lite:
Changelog.md
LICENSE
README.md
encodings
lib
package.json

/tmp/renovate/node_modules/iconv-lite/encodings:
dbcs-codec.js
dbcs-data.js
index.js
internal.js
sbcs-codec.js
sbcs-data-generated.js
sbcs-data.js
tables
utf16.js
utf32.js
utf7.js

/tmp/renovate/node_modules/iconv-lite/encodings/tables:
big5-added.json
cp936.json
cp949.json
cp950.json
eucjp.json
gb18030-ranges.json
gbk-added.json
shiftjis.json

/tmp/renovate/node_modules/iconv-lite/lib:
bom-handling.js
index.d.ts
index.js
streams.js

/tmp/renovate/node_modules/imurmurhash:
README.md
imurmurhash.js
imurmurhash.min.js
package.json

/tmp/renovate/node_modules/indent-string:
index.d.ts
index.js
license
package.json
readme.md

/tmp/renovate/node_modules/install-artifact-from-github:
LICENSE
README.md
bin
package.json

/tmp/renovate/node_modules/install-artifact-from-github/bin:
install-from-cache.js
save-to-github-cache.js

/tmp/renovate/node_modules/ip-address:
LICENSE
README.md
dist
package.json
src

/tmp/renovate/node_modules/ip-address/dist:
address-error.d.ts
address-error.d.ts.map
address-error.js
address-error.js.map
common.d.ts
common.d.ts.map
common.js
common.js.map
ip-address.d.ts
ip-address.d.ts.map
ip-address.js
ip-address.js.map
ipv4.d.ts
ipv4.d.ts.map
ipv4.js
ipv4.js.map
ipv6.d.ts
ipv6.d.ts.map
ipv6.js
ipv6.js.map
v4
v6

/tmp/renovate/node_modules/ip-address/dist/v4:
constants.d.ts
constants.d.ts.map
constants.js
constants.js.map

/tmp/renovate/node_modules/ip-address/dist/v6:
constants.d.ts
constants.d.ts.map
constants.js
constants.js.map
helpers.d.ts
helpers.d.ts.map
helpers.js
helpers.js.map
regular-expressions.d.ts
regular-expressions.d.ts.map
regular-expressions.js
regular-expressions.js.map

/tmp/renovate/node_modules/ip-address/src:
address-error.ts
common.ts
ip-address.ts
ipv4.ts
ipv6.ts
v4
v6

/tmp/renovate/node_modules/ip-address/src/v4:
constants.ts

/tmp/renovate/node_modules/ip-address/src/v6:
constants.ts
helpers.ts
regular-expressions.ts

/tmp/renovate/node_modules/is-fullwidth-code-point:
index.d.ts
index.js
license
package.json
readme.md

/tmp/renovate/node_modules/is-lambda:
LICENSE
README.md
index.js
package.json
test.js

/tmp/renovate/node_modules/isexe:
LICENSE
README.md
dist
package.json

/tmp/renovate/node_modules/isexe/dist:
cjs
mjs

/tmp/renovate/node_modules/isexe/dist/cjs:
index.d.ts
index.d.ts.map
index.js
index.js.map
options.d.ts
options.d.ts.map
options.js
options.js.map
package.json
posix.d.ts
posix.d.ts.map
posix.js
posix.js.map
win32.d.ts
win32.d.ts.map
win32.js
win32.js.map

/tmp/renovate/node_modules/isexe/dist/mjs:
index.d.ts
index.d.ts.map
index.js
index.js.map
options.d.ts
options.d.ts.map
options.js
options.js.map
package.json
posix.d.ts
posix.d.ts.map
posix.js
posix.js.map
win32.d.ts
win32.d.ts.map
win32.js
win32.js.map

/tmp/renovate/node_modules/jackspeak:
LICENSE.md
README.md
dist
package.json

/tmp/renovate/node_modules/jackspeak/dist:
commonjs
esm

/tmp/renovate/node_modules/jackspeak/dist/commonjs:
index.d.ts
index.d.ts.map
index.js
index.js.map
package.json
parse-args-cjs.cjs.map
parse-args-cjs.d.cts.map
parse-args.d.ts
parse-args.js

/tmp/renovate/node_modules/jackspeak/dist/esm:
index.d.ts
index.d.ts.map
index.js
index.js.map
package.json
parse-args.d.ts
parse-args.d.ts.map
parse-args.js
parse-args.js.map

/tmp/renovate/node_modules/jsbn:
CHANGELOG.md
LICENSE
README.md
example.html
example.js
index.js
package.json
test

/tmp/renovate/node_modules/jsbn/test:
es6-import.js

/tmp/renovate/node_modules/lru-cache:
LICENSE
README.md
dist
package.json

/tmp/renovate/node_modules/lru-cache/dist:
commonjs
esm

/tmp/renovate/node_modules/lru-cache/dist/commonjs:
index.d.ts
index.d.ts.map
index.js
index.js.map
index.min.js
index.min.js.map
package.json

/tmp/renovate/node_modules/lru-cache/dist/esm:
index.d.ts
index.d.ts.map
index.js
index.js.map
index.min.js
index.min.js.map
package.json

/tmp/renovate/node_modules/make-fetch-happen:
LICENSE
README.md
lib
package.json

/tmp/renovate/node_modules/make-fetch-happen/lib:
cache
fetch.js
index.js
options.js
pipeline.js
remote.js

/tmp/renovate/node_modules/make-fetch-happen/lib/cache:
entry.js
errors.js
index.js
key.js
policy.js

/tmp/renovate/node_modules/minimatch:
LICENSE
README.md
dist
package.json

/tmp/renovate/node_modules/minimatch/dist:
commonjs
esm

/tmp/renovate/node_modules/minimatch/dist/commonjs:
assert-valid-pattern.d.ts
assert-valid-pattern.d.ts.map
assert-valid-pattern.js
assert-valid-pattern.js.map
ast.d.ts
ast.d.ts.map
ast.js
ast.js.map
brace-expressions.d.ts
brace-expressions.d.ts.map
brace-expressions.js
brace-expressions.js.map
escape.d.ts
escape.d.ts.map
escape.js
escape.js.map
index.d.ts
index.d.ts.map
index.js
index.js.map
package.json
unescape.d.ts
unescape.d.ts.map
unescape.js
unescape.js.map

/tmp/renovate/node_modules/minimatch/dist/esm:
assert-valid-pattern.d.ts
assert-valid-pattern.d.ts.map
assert-valid-pattern.js
assert-valid-pattern.js.map
ast.d.ts
ast.d.ts.map
ast.js
ast.js.map
brace-expressions.d.ts
brace-expressions.d.ts.map
brace-expressions.js
brace-expressions.js.map
escape.d.ts
escape.d.ts.map
escape.js
escape.js.map
index.d.ts
index.d.ts.map
index.js
index.js.map
package.json
unescape.d.ts
unescape.d.ts.map
unescape.js
unescape.js.map

/tmp/renovate/node_modules/minipass:
LICENSE
README.md
dist
package.json

/tmp/renovate/node_modules/minipass/dist:
commonjs
esm

/tmp/renovate/node_modules/minipass/dist/commonjs:
index.d.ts
index.d.ts.map
index.js
index.js.map
package.json

/tmp/renovate/node_modules/minipass/dist/esm:
index.d.ts
index.d.ts.map
index.js
index.js.map
package.json

/tmp/renovate/node_modules/minipass-collect:
LICENSE
README.md
index.js
package.json

/tmp/renovate/node_modules/minipass-fetch:
LICENSE
README.md
lib
package.json

/tmp/renovate/node_modules/minipass-fetch/lib:
abort-error.js
blob.js
body.js
fetch-error.js
headers.js
index.js
request.js
response.js

/tmp/renovate/node_modules/minipass-flush:
LICENSE
README.md
index.js
node_modules
package.json

/tmp/renovate/node_modules/minipass-flush/node_modules:
minipass

/tmp/renovate/node_modules/minipass-flush/node_modules/minipass:
LICENSE
README.md
index.d.ts
index.js
package.json

/tmp/renovate/node_modules/minipass-pipeline:
LICENSE
README.md
index.js
node_modules
package.json

/tmp/renovate/node_modules/minipass-pipeline/node_modules:
minipass

/tmp/renovate/node_modules/minipass-pipeline/node_modules/minipass:
LICENSE
README.md
index.d.ts
index.js
package.json

/tmp/renovate/node_modules/minipass-sized:
LICENSE
README.md
index.js
node_modules
package-lock.json
package.json
test

/tmp/renovate/node_modules/minipass-sized/node_modules:
minipass

/tmp/renovate/node_modules/minipass-sized/node_modules/minipass:
LICENSE
README.md
index.d.ts
index.js
package.json

/tmp/renovate/node_modules/minipass-sized/test:
basic.js

/tmp/renovate/node_modules/minizlib:
LICENSE
README.md
constants.js
index.js
node_modules
package.json

/tmp/renovate/node_modules/minizlib/node_modules:
minipass

/tmp/renovate/node_modules/minizlib/node_modules/minipass:
LICENSE
README.md
index.d.ts
index.js
package.json

/tmp/renovate/node_modules/mkdirp:
CHANGELOG.md
LICENSE
bin
index.js
lib
package.json
readme.markdown

/tmp/renovate/node_modules/mkdirp/bin:
cmd.js

/tmp/renovate/node_modules/mkdirp/lib:
find-made.js
mkdirp-manual.js
mkdirp-native.js
opts-arg.js
path-arg.js
use-native.js

/tmp/renovate/node_modules/ms:
index.js
license.md
package.json
readme.md

/tmp/renovate/node_modules/nan:
CHANGELOG.md
CMakeLists.txt
LICENSE.md
README.md
doc
include_dirs.js
nan.h
nan_callbacks.h
nan_callbacks_12_inl.h
nan_callbacks_pre_12_inl.h
nan_converters.h
nan_converters_43_inl.h
nan_converters_pre_43_inl.h
nan_define_own_property_helper.h
nan_implementation_12_inl.h
nan_implementation_pre_12_inl.h
nan_json.h
nan_maybe_43_inl.h
nan_maybe_pre_43_inl.h
nan_new.h
nan_object_wrap.h
nan_persistent_12_inl.h
nan_persistent_pre_12_inl.h
nan_private.h
nan_scriptorigin.h
nan_string_bytes.h
nan_typedarray_contents.h
nan_weak.h
package.json
tools

/tmp/renovate/node_modules/nan/doc:
asyncworker.md
buffers.md
callback.md
converters.md
errors.md
json.md
maybe_types.md
methods.md
new.md
node_misc.md
object_wrappers.md
persistent.md
scopes.md
script.md
string_bytes.md
v8_internals.md
v8_misc.md

/tmp/renovate/node_modules/nan/tools:
1to2.js
README.md
package.json

/tmp/renovate/node_modules/negotiator:
HISTORY.md
LICENSE
README.md
index.js
lib
package.json

/tmp/renovate/node_modules/negotiator/lib:
charset.js
encoding.js
language.js
mediaType.js

/tmp/renovate/node_modules/node-gyp:
CHANGELOG.md
CONTRIBUTING.md
LICENSE
README.md
SECURITY.md
addon.gypi
bin
gyp
lib
macOS_Catalina_acid_test.sh
package.json
release-please-config.json
src

/tmp/renovate/node_modules/node-gyp/bin:
node-gyp.js

/tmp/renovate/node_modules/node-gyp/gyp:
LICENSE
data
docs
gyp
gyp.bat
gyp_main.py
pylib
pyproject.toml
release-please-config.json
test_gyp.py

/tmp/renovate/node_modules/node-gyp/gyp/data:
ninja
win

/tmp/renovate/node_modules/node-gyp/gyp/data/ninja:
build.ninja

/tmp/renovate/node_modules/node-gyp/gyp/data/win:
large-pdb-shim.cc

/tmp/renovate/node_modules/node-gyp/gyp/docs:
GypVsCMake.md
Hacking.md
InputFormatReference.md
LanguageSpecification.md
README.md
Testing.md
UserDocumentation.md

/tmp/renovate/node_modules/node-gyp/gyp/pylib:
gyp
packaging

/tmp/renovate/node_modules/node-gyp/gyp/pylib/gyp:
MSVSNew.py
MSVSProject.py
MSVSSettings.py
MSVSSettings_test.py
MSVSToolFile.py
MSVSUserFile.py
MSVSUtil.py
MSVSVersion.py
__init__.py
common.py
common_test.py
easy_xml.py
easy_xml_test.py
flock_tool.py
generator
input.py
input_test.py
mac_tool.py
msvs_emulation.py
ninja_syntax.py
simple_copy.py
win_tool.py
xcode_emulation.py
xcode_emulation_test.py
xcode_ninja.py
xcodeproj_file.py
xml_fix.py

/tmp/renovate/node_modules/node-gyp/gyp/pylib/gyp/generator:
__init__.py
analyzer.py
android.py
cmake.py
compile_commands_json.py
dump_dependency_json.py
eclipse.py
gypd.py
gypsh.py
make.py
msvs.py
msvs_test.py
ninja.py
ninja_test.py
xcode.py
xcode_test.py

/tmp/renovate/node_modules/node-gyp/gyp/pylib/packaging:
LICENSE
LICENSE.APACHE
LICENSE.BSD
__init__.py
_elffile.py
_manylinux.py
_musllinux.py
_parser.py
_structures.py
_tokenizer.py
markers.py
metadata.py
py.typed
requirements.py
specifiers.py
tags.py
utils.py
version.py

/tmp/renovate/node_modules/node-gyp/lib:
Find-VisualStudio.cs
build.js
clean.js
configure.js
create-config-gypi.js
download.js
find-node-directory.js
find-python.js
find-visualstudio.js
install.js
list.js
log.js
node-gyp.js
process-release.js
rebuild.js
remove.js
util.js

/tmp/renovate/node_modules/node-gyp/src:
win_delay_load_hook.cc

/tmp/renovate/node_modules/nopt:
LICENSE
README.md
bin
lib
package.json

/tmp/renovate/node_modules/nopt/bin:
nopt.js

/tmp/renovate/node_modules/nopt/lib:
debug.js
nopt-lib.js
nopt.js
type-defs.js

/tmp/renovate/node_modules/p-map:
index.d.ts
index.js
license
package.json
readme.md

/tmp/renovate/node_modules/package-json-from-dist:
LICENSE.md
README.md
dist
package.json

/tmp/renovate/node_modules/package-json-from-dist/dist:
commonjs
esm

/tmp/renovate/node_modules/package-json-from-dist/dist/commonjs:
index.d.ts
index.d.ts.map
index.js
index.js.map
package.json

/tmp/renovate/node_modules/package-json-from-dist/dist/esm:
index.d.ts
index.d.ts.map
index.js
index.js.map
package.json

/tmp/renovate/node_modules/path-key:
index.d.ts
index.js
license
package.json
readme.md

/tmp/renovate/node_modules/path-scurry:
LICENSE.md
README.md
dist
package.json

/tmp/renovate/node_modules/path-scurry/dist:
commonjs
esm

/tmp/renovate/node_modules/path-scurry/dist/commonjs:
index.d.ts
index.d.ts.map
index.js
index.js.map
package.json

/tmp/renovate/node_modules/path-scurry/dist/esm:
index.d.ts
index.d.ts.map
index.js
index.js.map
package.json

/tmp/renovate/node_modules/proc-log:
LICENSE
README.md
lib
package.json

/tmp/renovate/node_modules/proc-log/lib:
index.js

/tmp/renovate/node_modules/promise-retry:
LICENSE
README.md
index.js
package.json
test

/tmp/renovate/node_modules/promise-retry/test:
test.js

/tmp/renovate/node_modules/re2:
LICENSE
README.md
binding.gyp
build
lib
package.json
re2.d.ts
re2.js
scripts
vendor

/tmp/renovate/node_modules/re2/build:
Release

/tmp/renovate/node_modules/re2/build/Release:
re2.node

/tmp/renovate/node_modules/re2/lib:
accessors.cc
addon.cc
exec.cc
match.cc
new.cc
replace.cc
search.cc
split.cc
test.cc
to_string.cc
util.cc
util.h
wrapped_re2.h

/tmp/renovate/node_modules/re2/scripts:
verify-build.js

/tmp/renovate/node_modules/re2/vendor:
abseil-cpp
re2

/tmp/renovate/node_modules/re2/vendor/abseil-cpp:
ABSEIL_ISSUE_TEMPLATE.md
AUTHORS
BUILD.bazel
CMake
CMakeLists.txt
CONTRIBUTING.md
FAQ.md
LICENSE
MODULE.bazel
PrivacyInfo.xcprivacy
README.md
UPGRADES.md
WORKSPACE
absl
ci
conanfile.py
create_lts.py

/tmp/renovate/node_modules/re2/vendor/abseil-cpp/CMake:
AbseilDll.cmake
AbseilHelpers.cmake
Googletest
README.md
abslConfig.cmake.in
install_test_project

/tmp/renovate/node_modules/re2/vendor/abseil-cpp/CMake/Googletest:
CMakeLists.txt.in
DownloadGTest.cmake

/tmp/renovate/node_modules/re2/vendor/abseil-cpp/CMake/install_test_project:
CMakeLists.txt
simple.cc
test.sh

/tmp/renovate/node_modules/re2/vendor/abseil-cpp/absl:
BUILD.bazel
CMakeLists.txt
abseil.podspec.gen.py
algorithm
base
cleanup
container
copts
crc
debugging
flags
functional
hash
log
memory
meta
numeric
profiling
random
status
strings
synchronization
time
types
utility

/tmp/renovate/node_modules/re2/vendor/abseil-cpp/absl/algorithm:
BUILD.bazel
CMakeLists.txt
algorithm.h
algorithm_test.cc
container.h
container_test.cc

/tmp/renovate/node_modules/re2/vendor/abseil-cpp/absl/base:
BUILD.bazel
CMakeLists.txt
attributes.h
bit_cast_test.cc
call_once.h
call_once_test.cc
casts.h
config.h
config_test.cc
const_init.h
dynamic_annotations.h
exception_safety_testing_test.cc
inline_variable_test.cc
inline_variable_test_a.cc
inline_variable_test_b.cc
internal
invoke_test.cc
log_severity.cc
log_severity.h
log_severity_test.cc
macros.h
no_destructor.h
no_destructor_benchmark.cc
no_destructor_test.cc
nullability.h
nullability_test.cc
optimization.h
optimization_test.cc
options.h
policy_checks.h
port.h
prefetch.h
prefetch_test.cc
raw_logging_test.cc
spinlock_test_common.cc
thread_annotations.h
throw_delegate_test.cc

/tmp/renovate/node_modules/re2/vendor/abseil-cpp/absl/base/internal:
atomic_hook.h
atomic_hook_test.cc
atomic_hook_test_helper.cc
atomic_hook_test_helper.h
cmake_thread_test.cc
cycleclock.cc
cycleclock.h
cycleclock_config.h
direct_mmap.h
dynamic_annotations.h
endian.h
endian_test.cc
errno_saver.h
errno_saver_test.cc
exception_safety_testing.cc
exception_safety_testing.h
exception_testing.h
fast_type_id.h
fast_type_id_test.cc
hide_ptr.h
identity.h
inline_variable.h
inline_variable_testing.h
invoke.h
low_level_alloc.cc
low_level_alloc.h
low_level_alloc_test.cc
low_level_scheduling.h
nullability_impl.h
per_thread_tls.h
pretty_function.h
raw_logging.cc
raw_logging.h
scheduling_mode.h
scoped_set_env.cc
scoped_set_env.h
scoped_set_env_test.cc
spinlock.cc
spinlock.h
spinlock_akaros.inc
spinlock_benchmark.cc
spinlock_linux.inc
spinlock_posix.inc
spinlock_wait.cc
spinlock_wait.h
spinlock_win32.inc
strerror.cc
strerror.h
strerror_benchmark.cc
strerror_test.cc
sysinfo.cc
sysinfo.h
sysinfo_test.cc
thread_identity.cc
thread_identity.h
thread_identity_benchmark.cc
thread_identity_test.cc
throw_delegate.cc
throw_delegate.h
tsan_mutex_interface.h
unaligned_access.h
unique_small_name_test.cc
unscaledcycleclock.cc
unscaledcycleclock.h
unscaledcycleclock_config.h

/tmp/renovate/node_modules/re2/vendor/abseil-cpp/absl/cleanup:
BUILD.bazel
CMakeLists.txt
cleanup.h
cleanup_test.cc
internal

/tmp/renovate/node_modules/re2/vendor/abseil-cpp/absl/cleanup/internal:
cleanup.h

/tmp/renovate/node_modules/re2/vendor/abseil-cpp/absl/container:
BUILD.bazel
CMakeLists.txt
btree_benchmark.cc
btree_map.h
btree_set.h
btree_test.cc
btree_test.h
fixed_array.h
fixed_array_benchmark.cc
fixed_array_exception_safety_test.cc
fixed_array_test.cc
flat_hash_map.h
flat_hash_map_test.cc
flat_hash_set.h
flat_hash_set_test.cc
inlined_vector.h
inlined_vector_benchmark.cc
inlined_vector_exception_safety_test.cc
inlined_vector_test.cc
internal
node_hash_map.h
node_hash_map_test.cc
node_hash_set.h
node_hash_set_test.cc
sample_element_size_test.cc

/tmp/renovate/node_modules/re2/vendor/abseil-cpp/absl/container/internal:
btree.h
btree_container.h
common.h
common_policy_traits.h
common_policy_traits_test.cc
compressed_tuple.h
compressed_tuple_test.cc
container_memory.h
container_memory_test.cc
hash_function_defaults.h
hash_function_defaults_test.cc
hash_generator_testing.cc
hash_generator_testing.h
hash_policy_testing.h
hash_policy_testing_test.cc
hash_policy_traits.h
hash_policy_traits_test.cc
hashtable_debug.h
hashtable_debug_hooks.h
hashtablez_sampler.cc
hashtablez_sampler.h
hashtablez_sampler_force_weak_definition.cc
hashtablez_sampler_test.cc
inlined_vector.h
layout.h
layout_benchmark.cc
layout_test.cc
node_slot_policy.h
node_slot_policy_test.cc
raw_hash_map.h
raw_hash_set.cc
raw_hash_set.h
raw_hash_set_allocator_test.cc
raw_hash_set_benchmark.cc
raw_hash_set_probe_benchmark.cc
raw_hash_set_test.cc
test_allocator.h
test_instance_tracker.cc
test_instance_tracker.h
test_instance_tracker_test.cc
tracked.h
unordered_map_constructor_test.h
unordered_map_lookup_test.h
unordered_map_members_test.h
unordered_map_modifiers_test.h
unordered_map_test.cc
unordered_set_constructor_test.h
unordered_set_lookup_test.h
unordered_set_members_test.h
unordered_set_modifiers_test.h
unordered_set_test.cc

/tmp/renovate/node_modules/re2/vendor/abseil-cpp/absl/copts:
AbseilConfigureCopts.cmake
GENERATED_AbseilCopts.cmake
GENERATED_copts.bzl
configure_copts.bzl
copts.py
generate_copts.py

/tmp/renovate/node_modules/re2/vendor/abseil-cpp/absl/crc:
BUILD.bazel
CMakeLists.txt
crc32c.cc
crc32c.h
crc32c_benchmark.cc
crc32c_test.cc
internal

/tmp/renovate/node_modules/re2/vendor/abseil-cpp/absl/crc/internal:
cpu_detect.cc
cpu_detect.h
crc.cc
crc.h
crc32_x86_arm_combined_simd.h
crc32c.h
crc32c_inline.h
crc_cord_state.cc
crc_cord_state.h
crc_cord_state_test.cc
crc_internal.h
crc_memcpy.h
crc_memcpy_fallback.cc
crc_memcpy_test.cc
crc_memcpy_x86_arm_combined.cc
crc_non_temporal_memcpy.cc
crc_x86_arm_combined.cc
non_temporal_arm_intrinsics.h
non_temporal_memcpy.h
non_temporal_memcpy_test.cc

/tmp/renovate/node_modules/re2/vendor/abseil-cpp/absl/debugging:
BUILD.bazel
CMakeLists.txt
failure_signal_handler.cc
failure_signal_handler.h
failure_signal_handler_test.cc
internal
leak_check.cc
leak_check.h
leak_check_fail_test.cc
leak_check_test.cc
stacktrace.cc
stacktrace.h
stacktrace_benchmark.cc
stacktrace_test.cc
symbolize.cc
symbolize.h
symbolize_darwin.inc
symbolize_elf.inc
symbolize_emscripten.inc
symbolize_test.cc
symbolize_unimplemented.inc
symbolize_win32.inc

/tmp/renovate/node_modules/re2/vendor/abseil-cpp/absl/debugging/internal:
address_is_readable.cc
address_is_readable.h
demangle.cc
demangle.h
demangle_test.cc
elf_mem_image.cc
elf_mem_image.h
examine_stack.cc
examine_stack.h
stack_consumption.cc
stack_consumption.h
stack_consumption_test.cc
stacktrace_aarch64-inl.inc
stacktrace_arm-inl.inc
stacktrace_config.h
stacktrace_emscripten-inl.inc
stacktrace_generic-inl.inc
stacktrace_powerpc-inl.inc
stacktrace_riscv-inl.inc
stacktrace_unimplemented-inl.inc
stacktrace_win32-inl.inc
stacktrace_x86-inl.inc
symbolize.h
vdso_support.cc
vdso_support.h

/tmp/renovate/node_modules/re2/vendor/abseil-cpp/absl/flags:
BUILD.bazel
CMakeLists.txt
commandlineflag.cc
commandlineflag.h
commandlineflag_test.cc
config.h
config_test.cc
declare.h
flag.h
flag_benchmark.cc
flag_benchmark.lds
flag_test.cc
flag_test_defs.cc
internal
marshalling.cc
marshalling.h
marshalling_test.cc
parse.cc
parse.h
parse_test.cc
reflection.cc
reflection.h
reflection_test.cc
usage.cc
usage.h
usage_config.cc
usage_config.h
usage_config_test.cc

/tmp/renovate/node_modules/re2/vendor/abseil-cpp/absl/flags/internal:
commandlineflag.cc
commandlineflag.h
flag.cc
flag.h
parse.h
path_util.h
path_util_test.cc
private_handle_accessor.cc
private_handle_accessor.h
program_name.cc
program_name.h
program_name_test.cc
registry.h
sequence_lock.h
sequence_lock_test.cc
usage.cc
usage.h
usage_test.cc

/tmp/renovate/node_modules/re2/vendor/abseil-cpp/absl/functional:
BUILD.bazel
CMakeLists.txt
any_invocable.h
any_invocable_test.cc
bind_front.h
bind_front_test.cc
function_ref.h
function_ref_test.cc
function_type_benchmark.cc
internal
overload.h
overload_test.cc

/tmp/renovate/node_modules/re2/vendor/abseil-cpp/absl/functional/internal:
any_invocable.h
front_binder.h
function_ref.h

/tmp/renovate/node_modules/re2/vendor/abseil-cpp/absl/hash:
BUILD.bazel
CMakeLists.txt
hash.h
hash_benchmark.cc
hash_instantiated_test.cc
hash_test.cc
hash_testing.h
internal

/tmp/renovate/node_modules/re2/vendor/abseil-cpp/absl/hash/internal:
city.cc
city.h
city_test.cc
hash.cc
hash.h
hash_test.h
low_level_hash.cc
low_level_hash.h
low_level_hash_test.cc
print_hash_of.cc
spy_hash_state.h

/tmp/renovate/node_modules/re2/vendor/abseil-cpp/absl/log:
BUILD.bazel
CMakeLists.txt
absl_check.h
absl_check_test.cc
absl_log.h
absl_log_basic_test.cc
absl_vlog_is_on.h
check.h
check_test.cc
check_test_impl.inc
die_if_null.cc
die_if_null.h
die_if_null_test.cc
flags.cc
flags.h
flags_test.cc
globals.cc
globals.h
globals_test.cc
initialize.cc
initialize.h
internal
log.h
log_basic_test.cc
log_basic_test_impl.inc
log_benchmark.cc
log_entry.cc
log_entry.h
log_entry_test.cc
log_format_test.cc
log_macro_hygiene_test.cc
log_modifier_methods_test.cc
log_sink.cc
log_sink.h
log_sink_registry.h
log_sink_test.cc
log_streamer.h
log_streamer_test.cc
scoped_mock_log.cc
scoped_mock_log.h
scoped_mock_log_test.cc
stripping_test.cc
structured.h
structured_test.cc
vlog_is_on.h
vlog_is_on_test.cc

/tmp/renovate/node_modules/re2/vendor/abseil-cpp/absl/log/internal:
BUILD.bazel
append_truncated.h
check_impl.h
check_op.cc
check_op.h
conditions.cc
conditions.h
config.h
flags.h
fnmatch.cc
fnmatch.h
fnmatch_benchmark.cc
fnmatch_test.cc
globals.cc
globals.h
log_format.cc
log_format.h
log_impl.h
log_message.cc
log_message.h
log_sink_set.cc
log_sink_set.h
nullguard.cc
nullguard.h
nullstream.h
proto.cc
proto.h
stderr_log_sink_test.cc
strip.h
structured.h
test_actions.cc
test_actions.h
test_helpers.cc
test_helpers.h
test_matchers.cc
test_matchers.h
vlog_config.cc
vlog_config.h
vlog_config_benchmark.cc
voidify.h

/tmp/renovate/node_modules/re2/vendor/abseil-cpp/absl/memory:
BUILD.bazel
CMakeLists.txt
memory.h
memory_test.cc

/tmp/renovate/node_modules/re2/vendor/abseil-cpp/absl/meta:
BUILD.bazel
CMakeLists.txt
type_traits.h
type_traits_test.cc

/tmp/renovate/node_modules/re2/vendor/abseil-cpp/absl/numeric:
BUILD.bazel
CMakeLists.txt
bits.h
bits_benchmark.cc
bits_test.cc
int128.cc
int128.h
int128_benchmark.cc
int128_have_intrinsic.inc
int128_no_intrinsic.inc
int128_stream_test.cc
int128_test.cc
internal

/tmp/renovate/node_modules/re2/vendor/abseil-cpp/absl/numeric/internal:
bits.h
representation.h

/tmp/renovate/node_modules/re2/vendor/abseil-cpp/absl/profiling:
BUILD.bazel
CMakeLists.txt
internal

/tmp/renovate/node_modules/re2/vendor/abseil-cpp/absl/profiling/internal:
exponential_biased.cc
exponential_biased.h
exponential_biased_test.cc
periodic_sampler.cc
periodic_sampler.h
periodic_sampler_benchmark.cc
periodic_sampler_test.cc
sample_recorder.h
sample_recorder_test.cc

/tmp/renovate/node_modules/re2/vendor/abseil-cpp/absl/random:
BUILD.bazel
CMakeLists.txt
benchmarks.cc
bernoulli_distribution.h
bernoulli_distribution_test.cc
beta_distribution.h
beta_distribution_test.cc
bit_gen_ref.h
bit_gen_ref_test.cc
discrete_distribution.cc
discrete_distribution.h
discrete_distribution_test.cc
distributions.h
distributions_test.cc
examples_test.cc
exponential_distribution.h
exponential_distribution_test.cc
gaussian_distribution.cc
gaussian_distribution.h
gaussian_distribution_test.cc
generators_test.cc
internal
log_uniform_int_distribution.h
log_uniform_int_distribution_test.cc
mock_distributions.h
mock_distributions_test.cc
mocking_bit_gen.h
mocking_bit_gen_test.cc
poisson_distribution.h
poisson_distribution_test.cc
random.h
seed_gen_exception.cc
seed_gen_exception.h
seed_sequences.cc
seed_sequences.h
seed_sequences_test.cc
uniform_int_distribution.h
uniform_int_distribution_test.cc
uniform_real_distribution.h
uniform_real_distribution_test.cc
zipf_distribution.h
zipf_distribution_test.cc

/tmp/renovate/node_modules/re2/vendor/abseil-cpp/absl/random/internal:
BUILD.bazel
chi_square.cc
chi_square.h
chi_square_test.cc
distribution_caller.h
distribution_test_util.cc
distribution_test_util.h
distribution_test_util_test.cc
explicit_seed_seq.h
explicit_seed_seq_test.cc
fast_uniform_bits.h
fast_uniform_bits_test.cc
fastmath.h
fastmath_test.cc
gaussian_distribution_gentables.cc
generate_real.h
generate_real_test.cc
iostream_state_saver.h
iostream_state_saver_test.cc
mock_helpers.h
mock_overload_set.h
nanobenchmark.cc
nanobenchmark.h
nanobenchmark_test.cc
nonsecure_base.h
nonsecure_base_test.cc
pcg_engine.h
pcg_engine_test.cc
platform.h
pool_urbg.cc
pool_urbg.h
pool_urbg_test.cc
randen.cc
randen.h
randen_benchmarks.cc
randen_detect.cc
randen_detect.h
randen_engine.h
randen_engine_test.cc
randen_hwaes.cc
randen_hwaes.h
randen_hwaes_test.cc
randen_round_keys.cc
randen_slow.cc
randen_slow.h
randen_slow_test.cc
randen_test.cc
randen_traits.h
salted_seed_seq.h
salted_seed_seq_test.cc
seed_material.cc
seed_material.h
seed_material_test.cc
sequence_urbg.h
traits.h
traits_test.cc
uniform_helper.h
uniform_helper_test.cc
wide_multiply.h
wide_multiply_test.cc

/tmp/renovate/node_modules/re2/vendor/abseil-cpp/absl/status:
BUILD.bazel
CMakeLists.txt
internal
status.cc
status.h
status_payload_printer.cc
status_payload_printer.h
status_test.cc
statusor.cc
statusor.h
statusor_test.cc

/tmp/renovate/node_modules/re2/vendor/abseil-cpp/absl/status/internal:
status_internal.cc
status_internal.h
statusor_internal.h

/tmp/renovate/node_modules/re2/vendor/abseil-cpp/absl/strings:
BUILD.bazel
CMakeLists.txt
ascii.cc
ascii.h
ascii_benchmark.cc
ascii_test.cc
atod_manual_test.cc
char_formatting_test.cc
charconv.cc
charconv.h
charconv_benchmark.cc
charconv_test.cc
charset.h
charset_benchmark.cc
charset_test.cc
cord.cc
cord.h
cord_analysis.cc
cord_analysis.h
cord_buffer.cc
cord_buffer.h
cord_buffer_test.cc
cord_test.cc
cord_test_helpers.h
cordz_test.cc
cordz_test_helpers.h
escaping.cc
escaping.h
escaping_benchmark.cc
escaping_test.cc
has_absl_stringify.h
has_absl_stringify_test.cc
has_ostream_operator.h
has_ostream_operator_test.cc
internal
match.cc
match.h
match_test.cc
numbers.cc
numbers.h
numbers_benchmark.cc
numbers_test.cc
str_cat.cc
str_cat.h
str_cat_benchmark.cc
str_cat_test.cc
str_format.h
str_format_test.cc
str_join.h
str_join_benchmark.cc
str_join_test.cc
str_replace.cc
str_replace.h
str_replace_benchmark.cc
str_replace_test.cc
str_split.cc
str_split.h
str_split_benchmark.cc
str_split_test.cc
string_view.cc
string_view.h
string_view_benchmark.cc
string_view_test.cc
strip.h
strip_test.cc
substitute.cc
substitute.h
substitute_test.cc

/tmp/renovate/node_modules/re2/vendor/abseil-cpp/absl/strings/internal:
charconv_bigint.cc
charconv_bigint.h
charconv_bigint_test.cc
charconv_parse.cc
charconv_parse.h
charconv_parse_test.cc
cord_data_edge.h
cord_data_edge_test.cc
cord_internal.cc
cord_internal.h
cord_rep_btree.cc
cord_rep_btree.h
cord_rep_btree_navigator.cc
cord_rep_btree_navigator.h
cord_rep_btree_navigator_test.cc
cord_rep_btree_reader.cc
cord_rep_btree_reader.h
cord_rep_btree_reader_test.cc
cord_rep_btree_test.cc
cord_rep_consume.cc
cord_rep_consume.h
cord_rep_crc.cc
cord_rep_crc.h
cord_rep_crc_test.cc
cord_rep_flat.h
cord_rep_test_util.h
cordz_functions.cc
cordz_functions.h
cordz_functions_test.cc
cordz_handle.cc
cordz_handle.h
cordz_handle_test.cc
cordz_info.cc
cordz_info.h
cordz_info_statistics_test.cc
cordz_info_test.cc
cordz_sample_token.cc
cordz_sample_token.h
cordz_sample_token_test.cc
cordz_statistics.h
cordz_update_scope.h
cordz_update_scope_test.cc
cordz_update_tracker.h
cordz_update_tracker_test.cc
damerau_levenshtein_distance.cc
damerau_levenshtein_distance.h
damerau_levenshtein_distance_test.cc
escaping.cc
escaping.h
escaping_test_common.h
has_absl_stringify.h
memutil.cc
memutil.h
memutil_benchmark.cc
memutil_test.cc
numbers_test_common.h
ostringstream.cc
ostringstream.h
ostringstream_benchmark.cc
ostringstream_test.cc
pow10_helper.cc
pow10_helper.h
pow10_helper_test.cc
resize_uninitialized.h
resize_uninitialized_test.cc
stl_type_traits.h
str_format
str_join_internal.h
str_split_internal.h
string_constant.h
string_constant_test.cc
stringify_sink.cc
stringify_sink.h
utf8.cc
utf8.h
utf8_test.cc

/tmp/renovate/node_modules/re2/vendor/abseil-cpp/absl/strings/internal/str_format:
arg.cc
arg.h
arg_test.cc
bind.cc
bind.h
bind_test.cc
checker.h
checker_test.cc
constexpr_parser.h
convert_test.cc
extension.cc
extension.h
extension_test.cc
float_conversion.cc
float_conversion.h
output.cc
output.h
output_test.cc
parser.cc
parser.h
parser_test.cc

/tmp/renovate/node_modules/re2/vendor/abseil-cpp/absl/synchronization:
BUILD.bazel
CMakeLists.txt
barrier.cc
barrier.h
barrier_test.cc
blocking_counter.cc
blocking_counter.h
blocking_counter_benchmark.cc
blocking_counter_test.cc
internal
lifetime_test.cc
mutex.cc
mutex.h
mutex_benchmark.cc
mutex_method_pointer_test.cc
mutex_test.cc
notification.cc
notification.h
notification_test.cc

/tmp/renovate/node_modules/re2/vendor/abseil-cpp/absl/synchronization/internal:
create_thread_identity.cc
create_thread_identity.h
futex.h
futex_waiter.cc
futex_waiter.h
graphcycles.cc
graphcycles.h
graphcycles_benchmark.cc
graphcycles_test.cc
kernel_timeout.cc
kernel_timeout.h
kernel_timeout_test.cc
per_thread_sem.cc
per_thread_sem.h
per_thread_sem_test.cc
pthread_waiter.cc
pthread_waiter.h
sem_waiter.cc
sem_waiter.h
stdcpp_waiter.cc
stdcpp_waiter.h
thread_pool.h
waiter.h
waiter_base.cc
waiter_base.h
waiter_test.cc
win32_waiter.cc
win32_waiter.h

/tmp/renovate/node_modules/re2/vendor/abseil-cpp/absl/time:
BUILD.bazel
CMakeLists.txt
civil_time.cc
civil_time.h
civil_time_benchmark.cc
civil_time_test.cc
clock.cc
clock.h
clock_benchmark.cc
clock_test.cc
duration.cc
duration_benchmark.cc
duration_test.cc
flag_test.cc
format.cc
format_benchmark.cc
format_test.cc
internal
time.cc
time.h
time_benchmark.cc
time_test.cc
time_zone_test.cc

/tmp/renovate/node_modules/re2/vendor/abseil-cpp/absl/time/internal:
cctz
get_current_time_chrono.inc
get_current_time_posix.inc
test_util.cc
test_util.h

/tmp/renovate/node_modules/re2/vendor/abseil-cpp/absl/time/internal/cctz:
BUILD.bazel
include
src
testdata

/tmp/renovate/node_modules/re2/vendor/abseil-cpp/absl/time/internal/cctz/include:
cctz

/tmp/renovate/node_modules/re2/vendor/abseil-cpp/absl/time/internal/cctz/include/cctz:
civil_time.h
civil_time_detail.h
time_zone.h
zone_info_source.h

/tmp/renovate/node_modules/re2/vendor/abseil-cpp/absl/time/internal/cctz/src:
cctz_benchmark.cc
civil_time_detail.cc
civil_time_test.cc
time_zone_fixed.cc
time_zone_fixed.h
time_zone_format.cc
time_zone_format_test.cc
time_zone_if.cc
time_zone_if.h
time_zone_impl.cc
time_zone_impl.h
time_zone_info.cc
time_zone_info.h
time_zone_libc.cc
time_zone_libc.h
time_zone_lookup.cc
time_zone_lookup_test.cc
time_zone_posix.cc
time_zone_posix.h
tzfile.h
zone_info_source.cc

/tmp/renovate/node_modules/re2/vendor/abseil-cpp/absl/time/internal/cctz/testdata:
README.zoneinfo
version
zoneinfo

/tmp/renovate/node_modules/re2/vendor/abseil-cpp/absl/time/internal/cctz/testdata/zoneinfo:
Africa
America
Antarctica
Arctic
Asia
Atlantic
Australia
Brazil
CET
CST6CDT
Canada
Chile
Cuba
EET
EST
EST5EDT
Egypt
Eire
Etc
Europe
Factory
GB
GB-Eire
GMT
GMT+0
GMT-0
GMT0
Greenwich
HST
Hongkong
Iceland
Indian
Iran
Israel
Jamaica
Japan
Kwajalein
Libya
MET
MST
MST7MDT
Mexico
NZ
NZ-CHAT
Navajo
PRC
PST8PDT
Pacific
Poland
Portugal
ROC
ROK
Singapore
Turkey
UCT
US
UTC
Universal
W-SU
WET
Zulu
iso3166.tab
zone1970.tab
zonenow.tab

/tmp/renovate/node_modules/re2/vendor/abseil-cpp/absl/time/internal/cctz/testdata/zoneinfo/Africa:
Abidjan
Accra
Addis_Ababa
Algiers
Asmara
Asmera
Bamako
Bangui
Banjul
Bissau
Blantyre
Brazzaville
Bujumbura
Cairo
Casablanca
Ceuta
Conakry
Dakar
Dar_es_Salaam
Djibouti
Douala
El_Aaiun
Freetown
Gaborone
Harare
Johannesburg
Juba
Kampala
Khartoum
Kigali
Kinshasa
Lagos
Libreville
Lome
Luanda
Lubumbashi
Lusaka
Malabo
Maputo
Maseru
Mbabane
Mogadishu
Monrovia
Nairobi
Ndjamena
Niamey
Nouakchott
Ouagadougou
Porto-Novo
Sao_Tome
Timbuktu
Tripoli
Tunis
Windhoek

/tmp/renovate/node_modules/re2/vendor/abseil-cpp/absl/time/internal/cctz/testdata/zoneinfo/America:
Adak
Anchorage
Anguilla
Antigua
Araguaina
Argentina
Aruba
Asuncion
Atikokan
Atka
Bahia
Bahia_Banderas
Barbados
Belem
Belize
Blanc-Sablon
Boa_Vista
Bogota
Boise
Buenos_Aires
Cambridge_Bay
Campo_Grande
Cancun
Caracas
Catamarca
Cayenne
Cayman
Chicago
Chihuahua
Ciudad_Juarez
Coral_Harbour
Cordoba
Costa_Rica
Creston
Cuiaba
Curacao
Danmarkshavn
Dawson
Dawson_Creek
Denver
Detroit
Dominica
Edmonton
Eirunepe
El_Salvador
Ensenada
Fort_Nelson
Fort_Wayne
Fortaleza
Glace_Bay
Godthab
Goose_Bay
Grand_Turk
Grenada
Guadeloupe
Guatemala
Guayaquil
Guyana
Halifax
Havana
Hermosillo
Indiana
Indianapolis
Inuvik
Iqaluit
Jamaica
Jujuy
Juneau
Kentucky
Knox_IN
Kralendijk
La_Paz
Lima
Los_Angeles
Louisville
Lower_Princes
Maceio
Managua
Manaus
Marigot
Martinique
Matamoros
Mazatlan
Mendoza
Menominee
Merida
Metlakatla
Mexico_City
Miquelon
Moncton
Monterrey
Montevideo
Montreal
Montserrat
Nassau
New_York
Nipigon
Nome
Noronha
North_Dakota
Nuuk
Ojinaga
Panama
Pangnirtung
Paramaribo
Phoenix
Port-au-Prince
Port_of_Spain
Porto_Acre
Porto_Velho
Puerto_Rico
Punta_Arenas
Rainy_River
Rankin_Inlet
Recife
Regina
Resolute
Rio_Branco
Rosario
Santa_Isabel
Santarem
Santiago
Santo_Domingo
Sao_Paulo
Scoresbysund
Shiprock
Sitka
St_Barthelemy
St_Johns
St_Kitts
St_Lucia
St_Thomas
St_Vincent
Swift_Current
Tegucigalpa
Thule
Thunder_Bay
Tijuana
Toronto
Tortola
Vancouver
Virgin
Whitehorse
Winnipeg
Yakutat
Yellowknife

/tmp/renovate/node_modules/re2/vendor/abseil-cpp/absl/time/internal/cctz/testdata/zoneinfo/America/Argentina:
Buenos_Aires
Catamarca
ComodRivadavia
Cordoba
Jujuy
La_Rioja
Mendoza
Rio_Gallegos
Salta
San_Juan
San_Luis
Tucuman
Ushuaia

/tmp/renovate/node_modules/re2/vendor/abseil-cpp/absl/time/internal/cctz/testdata/zoneinfo/America/Indiana:
Indianapolis
Knox
Marengo
Petersburg
Tell_City
Vevay
Vincennes
Winamac

/tmp/renovate/node_modules/re2/vendor/abseil-cpp/absl/time/internal/cctz/testdata/zoneinfo/America/Kentucky:
Louisville
Monticello

/tmp/renovate/node_modules/re2/vendor/abseil-cpp/absl/time/internal/cctz/testdata/zoneinfo/America/North_Dakota:
Beulah
Center
New_Salem

/tmp/renovate/node_modules/re2/vendor/abseil-cpp/absl/time/internal/cctz/testdata/zoneinfo/Antarctica:
Casey
Davis
DumontDUrville
Macquarie
Mawson
McMurdo
Palmer
Rothera
South_Pole
Syowa
Troll
Vostok

/tmp/renovate/node_modules/re2/vendor/abseil-cpp/absl/time/internal/cctz/testdata/zoneinfo/Arctic:
Longyearbyen

/tmp/renovate/node_modules/re2/vendor/abseil-cpp/absl/time/internal/cctz/testdata/zoneinfo/Asia:
Aden
Almaty
Amman
Anadyr
Aqtau
Aqtobe
Ashgabat
Ashkhabad
Atyrau
Baghdad
Bahrain
Baku
Bangkok
Barnaul
Beirut
Bishkek
Brunei
Calcutta
Chita
Choibalsan
Chongqing
Chungking
Colombo
Dacca
Damascus
Dhaka
Dili
Dubai
Dushanbe
Famagusta
Gaza
Harbin
Hebron
Ho_Chi_Minh
Hong_Kong
Hovd
Irkutsk
Istanbul
Jakarta
Jayapura
Jerusalem
Kabul
Kamchatka
Karachi
Kashgar
Kathmandu
Katmandu
Khandyga
Kolkata
Krasnoyarsk
Kuala_Lumpur
Kuching
Kuwait
Macao
Macau
Magadan
Makassar
Manila
Muscat
Nicosia
Novokuznetsk
Novosibirsk
Omsk
Oral
Phnom_Penh
Pontianak
Pyongyang
Qatar
Qostanay
Qyzylorda
Rangoon
Riyadh
Saigon
Sakhalin
Samarkand
Seoul
Shanghai
Singapore
Srednekolymsk
Taipei
Tashkent
Tbilisi
Tehran
Tel_Aviv
Thimbu
Thimphu
Tokyo
Tomsk
Ujung_Pandang
Ulaanbaatar
Ulan_Bator
Urumqi
Ust-Nera
Vientiane
Vladivostok
Yakutsk
Yangon
Yekaterinburg
Yerevan

/tmp/renovate/node_modules/re2/vendor/abseil-cpp/absl/time/internal/cctz/testdata/zoneinfo/Atlantic:
Azores
Bermuda
Canary
Cape_Verde
Faeroe
Faroe
Jan_Mayen
Madeira
Reykjavik
South_Georgia
St_Helena
Stanley

/tmp/renovate/node_modules/re2/vendor/abseil-cpp/absl/time/internal/cctz/testdata/zoneinfo/Australia:
ACT
Adelaide
Brisbane
Broken_Hill
Canberra
Currie
Darwin
Eucla
Hobart
LHI
Lindeman
Lord_Howe
Melbourne
NSW
North
Perth
Queensland
South
Sydney
Tasmania
Victoria
West
Yancowinna

/tmp/renovate/node_modules/re2/vendor/abseil-cpp/absl/time/internal/cctz/testdata/zoneinfo/Brazil:
Acre
DeNoronha
East
West

/tmp/renovate/node_modules/re2/vendor/abseil-cpp/absl/time/internal/cctz/testdata/zoneinfo/Canada:
Atlantic
Central
Eastern
Mountain
Newfoundland
Pacific
Saskatchewan
Yukon

/tmp/renovate/node_modules/re2/vendor/abseil-cpp/absl/time/internal/cctz/testdata/zoneinfo/Chile:
Continental
EasterIsland

/tmp/renovate/node_modules/re2/vendor/abseil-cpp/absl/time/internal/cctz/testdata/zoneinfo/Etc:
GMT
GMT+0
GMT+1
GMT+10
GMT+11
GMT+12
GMT+2
GMT+3
GMT+4
GMT+5
GMT+6
GMT+7
GMT+8
GMT+9
GMT-0
GMT-1
GMT-10
GMT-11
GMT-12
GMT-13
GMT-14
GMT-2
GMT-3
GMT-4
GMT-5
GMT-6
GMT-7
GMT-8
GMT-9
GMT0
Greenwich
UCT
UTC
Universal
Zulu

/tmp/renovate/node_modules/re2/vendor/abseil-cpp/absl/time/internal/cctz/testdata/zoneinfo/Europe:
Amsterdam
Andorra
Astrakhan
Athens
Belfast
Belgrade
Berlin
Bratislava
Brussels
Bucharest
Budapest
Busingen
Chisinau
Copenhagen
Dublin
Gibraltar
Guernsey
Helsinki
Isle_of_Man
Istanbul
Jersey
Kaliningrad
Kiev
Kirov
Kyiv
Lisbon
Ljubljana
London
Luxembourg
Madrid
Malta
Mariehamn
Minsk
Monaco
Moscow
Nicosia
Oslo
Paris
Podgorica
Prague
Riga
Rome
Samara
San_Marino
Sarajevo
Saratov
Simferopol
Skopje
Sofia
Stockholm
Tallinn
Tirane
Tiraspol
Ulyanovsk
Uzhgorod
Vaduz
Vatican
Vienna
Vilnius
Volgograd
Warsaw
Zagreb
Zaporozhye
Zurich

/tmp/renovate/node_modules/re2/vendor/abseil-cpp/absl/time/internal/cctz/testdata/zoneinfo/Indian:
Antananarivo
Chagos
Christmas
Cocos
Comoro
Kerguelen
Mahe
Maldives
Mauritius
Mayotte
Reunion

/tmp/renovate/node_modules/re2/vendor/abseil-cpp/absl/time/internal/cctz/testdata/zoneinfo/Mexico:
BajaNorte
BajaSur
General

/tmp/renovate/node_modules/re2/vendor/abseil-cpp/absl/time/internal/cctz/testdata/zoneinfo/Pacific:
Apia
Auckland
Bougainville
Chatham
Chuuk
Easter
Efate
Enderbury
Fakaofo
Fiji
Funafuti
Galapagos
Gambier
Guadalcanal
Guam
Honolulu
Johnston
Kanton
Kiritimati
Kosrae
Kwajalein
Majuro
Marquesas
Midway
Nauru
Niue
Norfolk
Noumea
Pago_Pago
Palau
Pitcairn
Pohnpei
Ponape
Port_Moresby
Rarotonga
Saipan
Samoa
Tahiti
Tarawa
Tongatapu
Truk
Wake
Wallis
Yap

/tmp/renovate/node_modules/re2/vendor/abseil-cpp/absl/time/internal/cctz/testdata/zoneinfo/US:
Alaska
Aleutian
Arizona
Central
East-Indiana
Eastern
Hawaii
Indiana-Starke
Michigan
Mountain
Pacific
Samoa

/tmp/renovate/node_modules/re2/vendor/abseil-cpp/absl/types:
BUILD.bazel
CMakeLists.txt
any.h
any_exception_safety_test.cc
any_test.cc
bad_any_cast.cc
bad_any_cast.h
bad_optional_access.cc
bad_optional_access.h
bad_variant_access.cc
bad_variant_access.h
compare.h
compare_test.cc
internal
optional.h
optional_exception_safety_test.cc
optional_test.cc
span.h
span_test.cc
variant.h
variant_benchmark.cc
variant_exception_safety_test.cc
variant_test.cc

/tmp/renovate/node_modules/re2/vendor/abseil-cpp/absl/types/internal:
optional.h
span.h
variant.h

/tmp/renovate/node_modules/re2/vendor/abseil-cpp/absl/utility:
BUILD.bazel
CMakeLists.txt
internal
utility.h
utility_test.cc

/tmp/renovate/node_modules/re2/vendor/abseil-cpp/absl/utility/internal:
if_constexpr.h
if_constexpr_test.cc

/tmp/renovate/node_modules/re2/vendor/abseil-cpp/ci:
absl_alternate_options.h
cmake_common.sh
cmake_install_test.sh
linux_arm_clang-latest_libcxx_bazel.sh
linux_clang-latest_libcxx_asan_bazel.sh
linux_clang-latest_libcxx_bazel.sh
linux_clang-latest_libcxx_tsan_bazel.sh
linux_clang-latest_libstdcxx_bazel.sh
linux_docker_containers.sh
linux_gcc-floor_libstdcxx_bazel.sh
linux_gcc-latest_libstdcxx_bazel.sh
linux_gcc-latest_libstdcxx_cmake.sh
linux_gcc_alpine_cmake.sh
macos_xcode_bazel.sh
macos_xcode_cmake.sh
windows_clangcl_bazel.bat
windows_msvc_bazel.bat
windows_msvc_cmake.bat

/tmp/renovate/node_modules/re2/vendor/re2:
BUILD.bazel
CMakeLists.txt
CONTRIBUTING.md
LICENSE
MODULE.bazel
Makefile
README
SECURITY.md
WORKSPACE.bazel
WORKSPACE.bzlmod
app
benchlog
doc
lib
libre2.symbols
libre2.symbols.darwin
python
re2
re2.pc.in
re2Config.cmake.in
runtests
testinstall.cc
ucs2.diff
util

/tmp/renovate/node_modules/re2/vendor/re2/app:
BUILD.bazel
_re2.cc
_re2.d.ts
app.ts
build.sh
index.html
package.json
rollup.config.js
tsconfig.json

/tmp/renovate/node_modules/re2/vendor/re2/benchlog:
benchplot.py
mktable

/tmp/renovate/node_modules/re2/vendor/re2/doc:
mksyntaxgo
mksyntaxhtml
mksyntaxwiki
syntax.html
syntax.txt

/tmp/renovate/node_modules/re2/vendor/re2/lib:
git

/tmp/renovate/node_modules/re2/vendor/re2/lib/git:
commit-msg.hook

/tmp/renovate/node_modules/re2/vendor/re2/python:
BUILD.bazel
README
_re2.cc
re2.py
re2_test.py
setup.py

/tmp/renovate/node_modules/re2/vendor/re2/re2:
bitmap256.cc
bitmap256.h
bitstate.cc
compile.cc
dfa.cc
filtered_re2.cc
filtered_re2.h
fuzzing
make_perl_groups.pl
make_unicode_casefold.py
make_unicode_groups.py
mimics_pcre.cc
nfa.cc
onepass.cc
parse.cc
perl_groups.cc
pod_array.h
prefilter.cc
prefilter.h
prefilter_tree.cc
prefilter_tree.h
prog.cc
prog.h
re2.cc
re2.h
regexp.cc
regexp.h
set.cc
set.h
simplify.cc
sparse_array.h
sparse_set.h
stringpiece.h
testing
tostring.cc
unicode.py
unicode_casefold.cc
unicode_casefold.h
unicode_groups.cc
unicode_groups.h
walker-inl.h

/tmp/renovate/node_modules/re2/vendor/re2/re2/fuzzing:
re2_fuzzer.cc

/tmp/renovate/node_modules/re2/vendor/re2/re2/testing:
backtrack.cc
charclass_test.cc
compile_test.cc
dfa_test.cc
dump.cc
exhaustive1_test.cc
exhaustive2_test.cc
exhaustive3_test.cc
exhaustive_test.cc
exhaustive_tester.cc
exhaustive_tester.h
filtered_re2_test.cc
mimics_pcre_test.cc
null_walker.cc
parse_test.cc
possible_match_test.cc
random_test.cc
re2_arg_test.cc
re2_test.cc
regexp_benchmark.cc
regexp_generator.cc
regexp_generator.h
regexp_test.cc
required_prefix_test.cc
search_test.cc
set_test.cc
simplify_test.cc
string_generator.cc
string_generator.h
string_generator_test.cc
tester.cc
tester.h

/tmp/renovate/node_modules/re2/vendor/re2/util:
malloc_counter.h
pcre.cc
pcre.h
rune.cc
strutil.cc
strutil.h
utf.h

/tmp/renovate/node_modules/retry:
License
Makefile
README.md
equation.gif
example
index.js
lib
package.json
test

/tmp/renovate/node_modules/retry/example:
dns.js
stop.js

/tmp/renovate/node_modules/retry/lib:
retry.js
retry_operation.js

/tmp/renovate/node_modules/retry/test:
common.js
integration

/tmp/renovate/node_modules/retry/test/integration:
test-forever.js
test-retry-operation.js
test-retry-wrap.js
test-timeouts.js

/tmp/renovate/node_modules/safer-buffer:
LICENSE
Porting-Buffer.md
Readme.md
dangerous.js
package.json
safer.js
tests.js

/tmp/renovate/node_modules/semver:
LICENSE
README.md
bin
classes
functions
index.js
internal
package.json
preload.js
range.bnf
ranges

/tmp/renovate/node_modules/semver/bin:
semver.js

/tmp/renovate/node_modules/semver/classes:
comparator.js
index.js
range.js
semver.js

/tmp/renovate/node_modules/semver/functions:
clean.js
cmp.js
coerce.js
compare-build.js
compare-loose.js
compare.js
diff.js
eq.js
gt.js
gte.js
inc.js
lt.js
lte.js
major.js
minor.js
neq.js
parse.js
patch.js
prerelease.js
rcompare.js
rsort.js
satisfies.js
sort.js
valid.js

/tmp/renovate/node_modules/semver/internal:
constants.js
debug.js
identifiers.js
lrucache.js
parse-options.js
re.js

/tmp/renovate/node_modules/semver/ranges:
gtr.js
intersects.js
ltr.js
max-satisfying.js
min-satisfying.js
min-version.js
outside.js
simplify.js
subset.js
to-comparators.js
valid.js

/tmp/renovate/node_modules/shebang-command:
index.js
license
package.json
readme.md

/tmp/renovate/node_modules/shebang-regex:
index.d.ts
index.js
license
package.json
readme.md

/tmp/renovate/node_modules/signal-exit:
LICENSE.txt
README.md
dist
package.json

/tmp/renovate/node_modules/signal-exit/dist:
cjs
mjs

/tmp/renovate/node_modules/signal-exit/dist/cjs:
browser.d.ts
browser.d.ts.map
browser.js
browser.js.map
index.d.ts
index.d.ts.map
index.js
index.js.map
package.json
signals.d.ts
signals.d.ts.map
signals.js
signals.js.map

/tmp/renovate/node_modules/signal-exit/dist/mjs:
browser.d.ts
browser.d.ts.map
browser.js
browser.js.map
index.d.ts
index.d.ts.map
index.js
index.js.map
package.json
signals.d.ts
signals.d.ts.map
signals.js
signals.js.map

/tmp/renovate/node_modules/smart-buffer:
LICENSE
README.md
build
docs
package.json
typings

/tmp/renovate/node_modules/smart-buffer/build:
smartbuffer.js
smartbuffer.js.map
utils.js
utils.js.map

/tmp/renovate/node_modules/smart-buffer/docs:
CHANGELOG.md
README_v3.md
ROADMAP.md

/tmp/renovate/node_modules/smart-buffer/typings:
smartbuffer.d.ts
utils.d.ts

/tmp/renovate/node_modules/socks:
LICENSE
README.md
build
docs
package.json
typings

/tmp/renovate/node_modules/socks/build:
client
common
index.js
index.js.map

/tmp/renovate/node_modules/socks/build/client:
socksclient.js
socksclient.js.map

/tmp/renovate/node_modules/socks/build/common:
constants.js
constants.js.map
helpers.js
helpers.js.map
receivebuffer.js
receivebuffer.js.map
util.js
util.js.map

/tmp/renovate/node_modules/socks/docs:
examples
index.md
migratingFromV1.md

/tmp/renovate/node_modules/socks/docs/examples:
index.md
javascript
typescript

/tmp/renovate/node_modules/socks/docs/examples/javascript:
associateExample.md
bindExample.md
connectExample.md

/tmp/renovate/node_modules/socks/docs/examples/typescript:
associateExample.md
bindExample.md
connectExample.md

/tmp/renovate/node_modules/socks/typings:
client
common
index.d.ts

/tmp/renovate/node_modules/socks/typings/client:
socksclient.d.ts

/tmp/renovate/node_modules/socks/typings/common:
constants.d.ts
helpers.d.ts
receivebuffer.d.ts
util.d.ts

/tmp/renovate/node_modules/socks-proxy-agent:
LICENSE
README.md
dist
package.json

/tmp/renovate/node_modules/socks-proxy-agent/dist:
index.d.ts
index.d.ts.map
index.js
index.js.map

/tmp/renovate/node_modules/sprintf-js:
CONTRIBUTORS.md
LICENSE
README.md
dist
package.json
src

/tmp/renovate/node_modules/sprintf-js/dist:
angular-sprintf.min.js
angular-sprintf.min.js.map
sprintf.min.js
sprintf.min.js.map

/tmp/renovate/node_modules/sprintf-js/src:
angular-sprintf.js
sprintf.js

/tmp/renovate/node_modules/ssri:
LICENSE.md
README.md
lib
package.json

/tmp/renovate/node_modules/ssri/lib:
index.js

/tmp/renovate/node_modules/string-width:
index.d.ts
index.js
license
package.json
readme.md

/tmp/renovate/node_modules/string-width-cjs:
index.d.ts
index.js
license
node_modules
package.json
readme.md

/tmp/renovate/node_modules/string-width-cjs/node_modules:
ansi-regex
emoji-regex
strip-ansi

/tmp/renovate/node_modules/string-width-cjs/node_modules/ansi-regex:
index.d.ts
index.js
license
package.json
readme.md

/tmp/renovate/node_modules/string-width-cjs/node_modules/emoji-regex:
LICENSE-MIT.txt
README.md
es2015
index.d.ts
index.js
package.json
text.js

/tmp/renovate/node_modules/string-width-cjs/node_modules/emoji-regex/es2015:
index.js
text.js

/tmp/renovate/node_modules/string-width-cjs/node_modules/strip-ansi:
index.d.ts
index.js
license
package.json
readme.md

/tmp/renovate/node_modules/strip-ansi:
index.d.ts
index.js
license
package.json
readme.md

/tmp/renovate/node_modules/strip-ansi-cjs:
index.d.ts
index.js
license
node_modules
package.json
readme.md

/tmp/renovate/node_modules/strip-ansi-cjs/node_modules:
ansi-regex

/tmp/renovate/node_modules/strip-ansi-cjs/node_modules/ansi-regex:
index.d.ts
index.js
license
package.json
readme.md

/tmp/renovate/node_modules/tar:
LICENSE
README.md
index.js
lib
node_modules
package.json

/tmp/renovate/node_modules/tar/lib:
create.js
extract.js
get-write-flag.js
header.js
high-level-opt.js
large-numbers.js
list.js
mkdir.js
mode-fix.js
normalize-unicode.js
normalize-windows-path.js
pack.js
parse.js
path-reservations.js
pax.js
read-entry.js
replace.js
strip-absolute-path.js
strip-trailing-slashes.js
types.js
unpack.js
update.js
warn-mixin.js
winchars.js
write-entry.js

/tmp/renovate/node_modules/tar/node_modules:
fs-minipass
minipass

/tmp/renovate/node_modules/tar/node_modules/fs-minipass:
LICENSE
README.md
index.js
node_modules
package.json

/tmp/renovate/node_modules/tar/node_modules/fs-minipass/node_modules:
minipass

/tmp/renovate/node_modules/tar/node_modules/fs-minipass/node_modules/minipass:
LICENSE
README.md
index.d.ts
index.js
package.json

/tmp/renovate/node_modules/tar/node_modules/minipass:
LICENSE
README.md
index.d.ts
index.js
index.mjs
package.json

/tmp/renovate/node_modules/unique-filename:
LICENSE
README.md
lib
package.json

/tmp/renovate/node_modules/unique-filename/lib:
index.js

/tmp/renovate/node_modules/unique-slug:
LICENSE
README.md
lib
package.json

/tmp/renovate/node_modules/unique-slug/lib:
index.js

/tmp/renovate/node_modules/which:
LICENSE
README.md
bin
lib
package.json

/tmp/renovate/node_modules/which/bin:
which.js

/tmp/renovate/node_modules/which/lib:
index.js

/tmp/renovate/node_modules/wrap-ansi:
index.d.ts
index.js
license
package.json
readme.md

/tmp/renovate/node_modules/wrap-ansi-cjs:
index.js
license
node_modules
package.json
readme.md

/tmp/renovate/node_modules/wrap-ansi-cjs/node_modules:
ansi-regex
ansi-styles
emoji-regex
string-width
strip-ansi

/tmp/renovate/node_modules/wrap-ansi-cjs/node_modules/ansi-regex:
index.d.ts
index.js
license
package.json
readme.md

/tmp/renovate/node_modules/wrap-ansi-cjs/node_modules/ansi-styles:
index.d.ts
index.js
license
package.json
readme.md

/tmp/renovate/node_modules/wrap-ansi-cjs/node_modules/emoji-regex:
LICENSE-MIT.txt
README.md
es2015
index.d.ts
index.js
package.json
text.js

/tmp/renovate/node_modules/wrap-ansi-cjs/node_modules/emoji-regex/es2015:
index.js
text.js

/tmp/renovate/node_modules/wrap-ansi-cjs/node_modules/string-width:
index.d.ts
index.js
license
package.json
readme.md

/tmp/renovate/node_modules/wrap-ansi-cjs/node_modules/strip-ansi:
index.d.ts
index.js
license
package.json
readme.md

/tmp/renovate/node_modules/yallist:
LICENSE
README.md
iterator.js
package.json
yallist.js

/tmp/renovate/screenshots:
scientific-dark.png
standard-light.png

/tmp/renovate/src:
main
test

/tmp/renovate/src/main:
java
resources

/tmp/renovate/src/main/java:
com

/tmp/renovate/src/main/java/com:
houarizegai

/tmp/renovate/src/main/java/com/houarizegai:
calculator

/tmp/renovate/src/main/java/com/houarizegai/calculator:
App.java
theme
ui
util

/tmp/renovate/src/main/java/com/houarizegai/calculator/theme:
ThemeLoader.java
properties

/tmp/renovate/src/main/java/com/houarizegai/calculator/theme/properties:
Theme.java
ThemeList.java

/tmp/renovate/src/main/java/com/houarizegai/calculator/ui:
CalculatorUI.java

/tmp/renovate/src/main/java/com/houarizegai/calculator/util:
ColorUtil.java

/tmp/renovate/src/main/resources:
application.yaml

/tmp/renovate/src/test:
java

/tmp/renovate/src/test/java:
com

/tmp/renovate/src/test/java/com:
houarizegai

/tmp/renovate/src/test/java/com/houarizegai:
calculator

/tmp/renovate/src/test/java/com/houarizegai/calculator:
CalculatorUITest.java

/tmp/renovate/target:
classes
test-classes

/tmp/renovate/target/classes:
application.yaml
com

/tmp/renovate/target/classes/com:
houarizegai

/tmp/renovate/target/classes/com/houarizegai:
calculator

/tmp/renovate/target/classes/com/houarizegai/calculator:
App.class
theme
ui
util

/tmp/renovate/target/classes/com/houarizegai/calculator/theme:
ThemeLoader.class
properties

/tmp/renovate/target/classes/com/houarizegai/calculator/theme/properties:
Theme.class
ThemeList.class

/tmp/renovate/target/classes/com/houarizegai/calculator/ui:
CalculatorUI.class

/tmp/renovate/target/classes/com/houarizegai/calculator/util:
ColorUtil.class

/tmp/renovate/target/test-classes:
com

/tmp/renovate/target/test-classes/com:
houarizegai

/tmp/renovate/target/test-classes/com/houarizegai:
calculator

/tmp/renovate/target/test-classes/com/houarizegai/calculator:
CalculatorUITest.class

Running Renovate...
Processing javascript...
error: unknown option '--log-level=debug'
Processing python...
error: unknown option '--log-level=debug'
Processing java...
error: unknown option '--log-level=debug'
Processing ruby...
error: unknown option '--log-level=debug'
Processing php...
error: unknown option '--log-level=debug'
Processing go...
error: unknown option '--log-level=debug'
Processing rust...
error: unknown option '--log-level=debug'
Processing dotnet...
error: unknown option '--log-level=debug'

Updatable Dependencies:
======================
No updatable dependencies found.
